Arguments: 
  /usr/local/bin/node /usr/share/yarn/bin/yarn.js init

PATH: 
  /usr/local/sbin:/usr/local/bin:/usr/sbin:/usr/bin:/sbin:/bin:/usr/games:/usr/local/games:/snap/bin:/home/marco.araujo/apps/jdk11/bin:/home/marco.araujo/apps/jdk11/bin

Yarn version: 
  1.22.5

Node version: 
  14.16.0

Platform: 
  linux x64

Trace: 
  Error: canceled
      at Interface.<anonymous> (/usr/share/yarn/lib/cli.js:137009:13)
      at Interface.emit (events.js:315:20)
      at Interface._ttyWrite (readline.js:875:16)
      at ReadStream.onkeypress (readline.js:213:10)
      at ReadStream.emit (events.js:315:20)
      at emitKeys (internal/readline/utils.js:345:14)
      at emitKeys.next (<anonymous>)
      at ReadStream.onData (readline.js:1144:36)
      at ReadStream.emit (events.js:315:20)
      at addChunk (internal/streams/readable.js:309:12)

npm manifest: 
  {
    "name": "backend",
    "version": "1.0.0",
    "description": "projeto criaçao de lutadores",
    "main": "index.js",
    "scripts": {
      "build": "tsc",
      "dev": "ts-node-dev  src/server.ts",
      "typeorm": "ts-node-dev ./node_modules/typeorm/cli.js"
    },
    "author": "Marco Antonio de Araujo Junior",
    "license": "ISC",
    "dependencies": {
      "express": "^4.17.1",
      "nodemon": "^2.0.7",
      "pg": "^8.6.0",
      "reflect-metadata": "^0.1.13",
      "ts-node-dev": "^1.1.6",
      "tsc-init": "^2.1.0",
      "typeorm": "^0.2.34"
    },
    "devDependencies": {
      "@types/express": "^4.17.11",
      "@types/jasmine": "^3.7.4",
      "@types/node": "^15.12.1",
      "jasmine-core": "^3.7.1",
      "karma": "^6.3.2",
      "karma-chrome-launcher": "^3.1.0",
      "karma-jasmine": "^4.0.1",
      "karma-webpack": "^5.0.0",
      "ts-loader": "^9.1.2",
      "ts-node-dev": "^1.1.1",
      "typescript": "^4.3.2",
      "webpack": "^5.37.0",
      "webpack-dev-server": "^3.11.2"
    }
  }

yarn manifest: 
  No manifest

Lockfile: 
  No lockfile
